09-12 12:15:17 com_github_MitjaNemec_Archive3DModels.action_archive_3d_models 220:Plugin executed on: 'win32'
09-12 12:15:17 com_github_MitjaNemec_Archive3DModels.action_archive_3d_models 221:Plugin executed with python version: '3.11.5 (main, Aug 14 2024, 05:26:19) [MSC v.1939 64 bit (AMD64)]'
09-12 12:15:17 com_github_MitjaNemec_Archive3DModels.action_archive_3d_models 222:KiCad build version: 8.0.5
09-12 12:15:17 com_github_MitjaNemec_Archive3DModels.action_archive_3d_models 223:Plugin version: 1.0.12

09-12 12:15:17 com_github_MitjaNemec_Archive3DModels.action_archive_3d_models 228:Screen sizes: [wx.Size(1920, 1080), wx.Size(1920, 1080), wx.Size(1920, 1080)]
09-12 12:15:17 com_github_MitjaNemec_Archive3DModels.action_archive_3d_models 235:Dialog size: wx.Size(213, 81)
09-12 12:15:17 com_github_MitjaNemec_Archive3DModels.action_archive_3d_models 237:Char size: 15
09-12 12:15:18 com_github_MitjaNemec_Archive3DModels.archive_3d_models 26:Starting to archive 3D models
09-12 12:15:18 com_github_MitjaNemec_Archive3DModels.archive_3d_models 47:Getting 3D models for footprint of: U1
09-12 12:15:18 com_github_MitjaNemec_Archive3DModels.archive_3d_models 59:Trying to copy: ${KIPRJMOD}/Libraries/Seeed Studio XIAO-ESP32-C3.step
09-12 12:15:18 com_github_MitjaNemec_Archive3DModels.archive_3d_models 139:Remapping: ${KIPRJMOD}/Libraries/Seeed Studio XIAO-ESP32-C3.step
09-12 12:15:18 com_github_MitjaNemec_Archive3DModels.archive_3d_models 47:Getting 3D models for footprint of: JP2
09-12 12:15:18 com_github_MitjaNemec_Archive3DModels.archive_3d_models 47:Getting 3D models for footprint of: D2
09-12 12:15:18 com_github_MitjaNemec_Archive3DModels.archive_3d_models 59:Trying to copy: ${KIPRJMOD}/packages3D/D_A-405_P10.16mm_Horizontal.wrl
09-12 12:15:18 com_github_MitjaNemec_Archive3DModels.archive_3d_models 139:Remapping: ${KIPRJMOD}/packages3D/D_A-405_P10.16mm_Horizontal.wrl
09-12 12:15:18 com_github_MitjaNemec_Archive3DModels.archive_3d_models 47:Getting 3D models for footprint of: JP1
09-12 12:15:18 com_github_MitjaNemec_Archive3DModels.archive_3d_models 47:Getting 3D models for footprint of: J12
09-12 12:15:18 com_github_MitjaNemec_Archive3DModels.archive_3d_models 59:Trying to copy: ${KIPRJMOD}/Libraries/TFT Display 0.69_96x16.STEP
09-12 12:15:18 com_github_MitjaNemec_Archive3DModels.archive_3d_models 139:Remapping: ${KIPRJMOD}/Libraries/TFT Display 0.69_96x16.STEP
09-12 12:15:18 com_github_MitjaNemec_Archive3DModels.archive_3d_models 59:Trying to copy: ${KIPRJMOD}/packages3D/PinSocket_1x04_P2.54mm_Vertical.wrl
09-12 12:15:18 com_github_MitjaNemec_Archive3DModels.archive_3d_models 139:Remapping: ${KIPRJMOD}/packages3D/PinSocket_1x04_P2.54mm_Vertical.wrl
09-12 12:15:18 com_github_MitjaNemec_Archive3DModels.archive_3d_models 47:Getting 3D models for footprint of: J7
09-12 12:15:18 com_github_MitjaNemec_Archive3DModels.archive_3d_models 59:Trying to copy: ${KIPRJMOD}/Libraries/HCSR04 Ultrasonic Sensor.STEP
09-12 12:15:18 com_github_MitjaNemec_Archive3DModels.archive_3d_models 139:Remapping: ${KIPRJMOD}/Libraries/HCSR04 Ultrasonic Sensor.STEP
09-12 12:15:18 com_github_MitjaNemec_Archive3DModels.archive_3d_models 59:Trying to copy: ${KIPRJMOD}/packages3D/PinSocket_1x04_P2.54mm_Vertical.wrl
09-12 12:15:18 com_github_MitjaNemec_Archive3DModels.archive_3d_models 139:Remapping: ${KIPRJMOD}/packages3D/PinSocket_1x04_P2.54mm_Vertical.wrl
09-12 12:15:18 com_github_MitjaNemec_Archive3DModels.archive_3d_models 47:Getting 3D models for footprint of: J5
09-12 12:15:18 com_github_MitjaNemec_Archive3DModels.archive_3d_models 59:Trying to copy: ${KIPRJMOD}/packages3D/PinHeader_1x03_P2.54mm_Vertical.wrl
09-12 12:15:18 com_github_MitjaNemec_Archive3DModels.archive_3d_models 139:Remapping: ${KIPRJMOD}/packages3D/PinHeader_1x03_P2.54mm_Vertical.wrl
09-12 12:15:18 com_github_MitjaNemec_Archive3DModels.archive_3d_models 47:Getting 3D models for footprint of: J8
09-12 12:15:18 com_github_MitjaNemec_Archive3DModels.archive_3d_models 59:Trying to copy: ${KIPRJMOD}/Libraries/PCA9685.step
09-12 12:15:18 com_github_MitjaNemec_Archive3DModels.archive_3d_models 139:Remapping: ${KIPRJMOD}/Libraries/PCA9685.step
09-12 12:15:18 com_github_MitjaNemec_Archive3DModels.archive_3d_models 59:Trying to copy: ${KIPRJMOD}/packages3D/PinSocket_1x06_P2.54mm_Vertical.wrl
09-12 12:15:18 com_github_MitjaNemec_Archive3DModels.archive_3d_models 139:Remapping: ${KIPRJMOD}/packages3D/PinSocket_1x06_P2.54mm_Vertical.wrl
09-12 12:15:18 com_github_MitjaNemec_Archive3DModels.archive_3d_models 47:Getting 3D models for footprint of: J4
09-12 12:15:18 com_github_MitjaNemec_Archive3DModels.archive_3d_models 59:Trying to copy: ${KIPRJMOD}/packages3D/PinHeader_1x03_P2.54mm_Vertical.wrl
09-12 12:15:18 com_github_MitjaNemec_Archive3DModels.archive_3d_models 139:Remapping: ${KIPRJMOD}/packages3D/PinHeader_1x03_P2.54mm_Vertical.wrl
09-12 12:15:18 com_github_MitjaNemec_Archive3DModels.archive_3d_models 47:Getting 3D models for footprint of: J9
09-12 12:15:18 com_github_MitjaNemec_Archive3DModels.archive_3d_models 59:Trying to copy: ${KIPRJMOD}/packages3D/PinHeader_1x04_P2.54mm_Vertical.wrl
09-12 12:15:18 com_github_MitjaNemec_Archive3DModels.archive_3d_models 139:Remapping: ${KIPRJMOD}/packages3D/PinHeader_1x04_P2.54mm_Vertical.wrl
09-12 12:15:18 com_github_MitjaNemec_Archive3DModels.archive_3d_models 47:Getting 3D models for footprint of: R1
09-12 12:15:18 com_github_MitjaNemec_Archive3DModels.archive_3d_models 59:Trying to copy: ${KIPRJMOD}/packages3D/R_Axial_DIN0207_L6.3mm_D2.5mm_P10.16mm_Horizontal.wrl
09-12 12:15:18 com_github_MitjaNemec_Archive3DModels.archive_3d_models 139:Remapping: ${KIPRJMOD}/packages3D/R_Axial_DIN0207_L6.3mm_D2.5mm_P10.16mm_Horizontal.wrl
09-12 12:15:18 com_github_MitjaNemec_Archive3DModels.archive_3d_models 47:Getting 3D models for footprint of: C1
09-12 12:15:18 com_github_MitjaNemec_Archive3DModels.archive_3d_models 59:Trying to copy: ${KIPRJMOD}/packages3D/CP_Radial_D8.0mm_P3.80mm.wrl
09-12 12:15:18 com_github_MitjaNemec_Archive3DModels.archive_3d_models 139:Remapping: ${KIPRJMOD}/packages3D/CP_Radial_D8.0mm_P3.80mm.wrl
09-12 12:15:18 com_github_MitjaNemec_Archive3DModels.archive_3d_models 47:Getting 3D models for footprint of: J6
09-12 12:15:18 com_github_MitjaNemec_Archive3DModels.archive_3d_models 59:Trying to copy: ${KIPRJMOD}/packages3D/PinHeader_1x03_P2.54mm_Vertical.wrl
09-12 12:15:18 com_github_MitjaNemec_Archive3DModels.archive_3d_models 139:Remapping: ${KIPRJMOD}/packages3D/PinHeader_1x03_P2.54mm_Vertical.wrl
09-12 12:15:18 com_github_MitjaNemec_Archive3DModels.archive_3d_models 47:Getting 3D models for footprint of: J10
09-12 12:15:18 com_github_MitjaNemec_Archive3DModels.archive_3d_models 59:Trying to copy: ${KIPRJMOD}/packages3D/Molex_KK-254_AE-6410-02A_1x02_P2.54mm_Vertical.wrl
09-12 12:15:18 com_github_MitjaNemec_Archive3DModels.archive_3d_models 139:Remapping: ${KIPRJMOD}/packages3D/Molex_KK-254_AE-6410-02A_1x02_P2.54mm_Vertical.wrl
09-12 12:15:18 com_github_MitjaNemec_Archive3DModels.archive_3d_models 47:Getting 3D models for footprint of: U4
09-12 12:15:18 com_github_MitjaNemec_Archive3DModels.archive_3d_models 59:Trying to copy: ${KIPRJMOD}/packages3D/TMC2208_SILENTSTEPSTICK.step
09-12 12:15:18 com_github_MitjaNemec_Archive3DModels.archive_3d_models 139:Remapping: ${KIPRJMOD}/packages3D/TMC2208_SILENTSTEPSTICK.step
09-12 12:15:18 com_github_MitjaNemec_Archive3DModels.archive_3d_models 59:Trying to copy: ${KIPRJMOD}/packages3D/PinSocket_1x08_P2.54mm_Vertical.step
09-12 12:15:18 com_github_MitjaNemec_Archive3DModels.archive_3d_models 139:Remapping: ${KIPRJMOD}/packages3D/PinSocket_1x08_P2.54mm_Vertical.step
09-12 12:15:18 com_github_MitjaNemec_Archive3DModels.archive_3d_models 59:Trying to copy: ${KIPRJMOD}/packages3D/PinSocket_1x08_P2.54mm_Vertical.step
09-12 12:15:18 com_github_MitjaNemec_Archive3DModels.archive_3d_models 139:Remapping: ${KIPRJMOD}/packages3D/PinSocket_1x08_P2.54mm_Vertical.step
09-12 12:15:18 com_github_MitjaNemec_Archive3DModels.archive_3d_models 59:Trying to copy: ${KIPRJMOD}/packages3D/Dissipateur-DissipateurTMC2208.step
09-12 12:15:19 com_github_MitjaNemec_Archive3DModels.archive_3d_models 139:Remapping: ${KIPRJMOD}/packages3D/Dissipateur-DissipateurTMC2208.step
09-12 12:15:19 com_github_MitjaNemec_Archive3DModels.archive_3d_models 47:Getting 3D models for footprint of: U2
09-12 12:15:19 com_github_MitjaNemec_Archive3DModels.archive_3d_models 59:Trying to copy: ${KIPRJMOD}/packages3D/Converter_DCDC_RECOM_R-78E-0.5_THT.wrl
09-12 12:15:19 com_github_MitjaNemec_Archive3DModels.archive_3d_models 139:Remapping: ${KIPRJMOD}/packages3D/Converter_DCDC_RECOM_R-78E-0.5_THT.wrl
09-12 12:15:19 com_github_MitjaNemec_Archive3DModels.archive_3d_models 47:Getting 3D models for footprint of: C2
09-12 12:15:19 com_github_MitjaNemec_Archive3DModels.archive_3d_models 59:Trying to copy: ${KIPRJMOD}/packages3D/CP_Radial_D8.0mm_P3.80mm.wrl
09-12 12:15:19 com_github_MitjaNemec_Archive3DModels.archive_3d_models 139:Remapping: ${KIPRJMOD}/packages3D/CP_Radial_D8.0mm_P3.80mm.wrl
09-12 12:15:19 com_github_MitjaNemec_Archive3DModels.archive_3d_models 47:Getting 3D models for footprint of: U3
09-12 12:15:19 com_github_MitjaNemec_Archive3DModels.archive_3d_models 59:Trying to copy: ${KIPRJMOD}/packages3D/TMC2208_SILENTSTEPSTICK.step
09-12 12:15:19 com_github_MitjaNemec_Archive3DModels.archive_3d_models 139:Remapping: ${KIPRJMOD}/packages3D/TMC2208_SILENTSTEPSTICK.step
09-12 12:15:19 com_github_MitjaNemec_Archive3DModels.archive_3d_models 59:Trying to copy: ${KIPRJMOD}/packages3D/PinSocket_1x08_P2.54mm_Vertical.step
09-12 12:15:19 com_github_MitjaNemec_Archive3DModels.archive_3d_models 139:Remapping: ${KIPRJMOD}/packages3D/PinSocket_1x08_P2.54mm_Vertical.step
09-12 12:15:19 com_github_MitjaNemec_Archive3DModels.archive_3d_models 59:Trying to copy: ${KIPRJMOD}/packages3D/PinSocket_1x08_P2.54mm_Vertical.step
09-12 12:15:19 com_github_MitjaNemec_Archive3DModels.archive_3d_models 139:Remapping: ${KIPRJMOD}/packages3D/PinSocket_1x08_P2.54mm_Vertical.step
09-12 12:15:19 com_github_MitjaNemec_Archive3DModels.archive_3d_models 59:Trying to copy: ${KIPRJMOD}/packages3D/Dissipateur-DissipateurTMC2208.step
09-12 12:15:19 com_github_MitjaNemec_Archive3DModels.archive_3d_models 139:Remapping: ${KIPRJMOD}/packages3D/Dissipateur-DissipateurTMC2208.step
09-12 12:15:19 com_github_MitjaNemec_Archive3DModels.archive_3d_models 47:Getting 3D models for footprint of: J2
09-12 12:15:19 com_github_MitjaNemec_Archive3DModels.archive_3d_models 59:Trying to copy: ${KIPRJMOD}/packages3D/PinHeader_1x03_P2.54mm_Vertical.wrl
09-12 12:15:19 com_github_MitjaNemec_Archive3DModels.archive_3d_models 139:Remapping: ${KIPRJMOD}/packages3D/PinHeader_1x03_P2.54mm_Vertical.wrl
09-12 12:15:19 com_github_MitjaNemec_Archive3DModels.archive_3d_models 47:Getting 3D models for footprint of: J3
09-12 12:15:19 com_github_MitjaNemec_Archive3DModels.archive_3d_models 59:Trying to copy: ${KIPRJMOD}/packages3D/PinHeader_1x03_P2.54mm_Vertical.wrl
09-12 12:15:19 com_github_MitjaNemec_Archive3DModels.archive_3d_models 139:Remapping: ${KIPRJMOD}/packages3D/PinHeader_1x03_P2.54mm_Vertical.wrl
09-12 12:15:19 com_github_MitjaNemec_Archive3DModels.archive_3d_models 47:Getting 3D models for footprint of: J1
09-12 12:15:19 com_github_MitjaNemec_Archive3DModels.archive_3d_models 59:Trying to copy: ${KIPRJMOD}/packages3D/PinHeader_1x03_P2.54mm_Vertical.wrl
09-12 12:15:19 com_github_MitjaNemec_Archive3DModels.archive_3d_models 139:Remapping: ${KIPRJMOD}/packages3D/PinHeader_1x03_P2.54mm_Vertical.wrl
09-12 12:15:19 com_github_MitjaNemec_Archive3DModels.archive_3d_models 47:Getting 3D models for footprint of: J11
09-12 12:15:19 com_github_MitjaNemec_Archive3DModels.archive_3d_models 59:Trying to copy: ${KIPRJMOD}/packages3D/PinHeader_1x04_P2.54mm_Vertical.wrl
09-12 12:15:19 com_github_MitjaNemec_Archive3DModels.archive_3d_models 139:Remapping: ${KIPRJMOD}/packages3D/PinHeader_1x04_P2.54mm_Vertical.wrl
09-12 12:15:19 com_github_MitjaNemec_Archive3DModels.archive_3d_models 47:Getting 3D models for footprint of: D1
09-12 12:15:19 com_github_MitjaNemec_Archive3DModels.archive_3d_models 59:Trying to copy: ${KIPRJMOD}/packages3D/LED_D5.0mm.wrl
09-12 12:15:19 com_github_MitjaNemec_Archive3DModels.archive_3d_models 139:Remapping: ${KIPRJMOD}/packages3D/LED_D5.0mm.wrl
09-12 12:15:19 com_github_MitjaNemec_Archive3DModels.archive_3d_models 47:Getting 3D models for footprint of: JP4
09-12 12:15:19 com_github_MitjaNemec_Archive3DModels.archive_3d_models 47:Getting 3D models for footprint of: JP3
09-12 12:15:19 com_github_MitjaNemec_Archive3DModels.archive_3d_models 47:Getting 3D models for footprint of: JP6
09-12 12:15:19 com_github_MitjaNemec_Archive3DModels.archive_3d_models 47:Getting 3D models for footprint of: JP7
09-12 12:15:19 com_github_MitjaNemec_Archive3DModels.archive_3d_models 47:Getting 3D models for footprint of: SW1
09-12 12:15:19 com_github_MitjaNemec_Archive3DModels.archive_3d_models 59:Trying to copy: ${KIPRJMOD}/packages3D/100SP1T1B4M2QE.step
09-12 12:15:19 com_github_MitjaNemec_Archive3DModels.archive_3d_models 139:Remapping: ${KIPRJMOD}/packages3D/100SP1T1B4M2QE.step
09-12 12:15:19 com_github_MitjaNemec_Archive3DModels.archive_3d_models 47:Getting 3D models for footprint of: BZ1
09-12 12:15:19 com_github_MitjaNemec_Archive3DModels.archive_3d_models 59:Trying to copy: ${KIPRJMOD}/packages3D/Buzzer_12x9.5RM7.6.wrl
09-12 12:15:19 com_github_MitjaNemec_Archive3DModels.archive_3d_models 139:Remapping: ${KIPRJMOD}/packages3D/Buzzer_12x9.5RM7.6.wrl
